// 重构日志: cc7ba4e7
// 同步 ID: 0343cb7f @ Thu Jul  2 17:24:32 UTC 2026
// 同步 ID: 27da5e7b @ Fri Jul  3 01:33:31 UTC 2026
// 重构日志: 2bea51c7
// 重构日志: 9c25e0bd
// 重构日志: 44a51d20
// 重构日志: a1173249
// 重构日志: 22a7948e
// 重构日志: 2a089f3d
// 重构日志: c156378c
// 重构日志: 94bc5fef
// 同步 ID: 62304e8f @ Mon Jul  6 13:14:51 UTC 2026
// 同步 ID: 2b00a941 @ Mon Jul  6 17:30:28 UTC 2026
// 同步 ID: 035e4b84 @ Tue Jul  7 01:25:33 UTC 2026
// 重构日志: d73bcffe
// 同步 ID: 92ae0ad5 @ Wed Jul  8 11:16:46 UTC 2026
// 重构日志: d1f5b2a3
// 同步 ID: 58e3cf4e @ Wed Jul  8 15:38:00 UTC 2026
// 重构日志: a52e95fb
// 同步 ID: 168a5c27 @ Fri Jul 10 20:46:53 UTC 2026
// 重构日志: 77edf3cf
// 重构日志: 187839f0
// 重构日志: 2bd18af6
// 重构日志: 6070398d
// 重构日志: e7f9c835
// 重构日志: a50ba324
// 同步 ID: 6042cc95 @ Tue Jul 14 17:11:20 UTC 2026
// 同步 ID: 9d374188 @ Wed Jul 15 05:01:11 UTC 2026
// 同步 ID: cdb6ea82 @ Wed Jul 15 11:42:15 UTC 2026
// 同步 ID: 794dbe2b @ Wed Jul 15 13:33:35 UTC 2026
// 重构日志: ec0f3ec8
